<?xml version="1.0" encoding="UTF-8"?>
<robot generator="Robot 6.1.1 (Python 3.7.8 on win32)" generated="20240526 18:27:16.486" rpa="false" schemaversion="4">
<suite id="s1" name="calculatorTeste" source="c:\Users\Andressa\Desktop\robotCalculator\android\features\calculatorTeste.robot">
<test id="s1-t1" name="Teste de Soma" line="17">
<kw name="Abrir App" library="config" type="SETUP">
<kw name="Open Application" library="AppiumLibrary">
<arg>http://127.0.0.1:4723</arg>
<arg>automationName=${ANDROID_AUTOMATION_NAME}</arg>
<arg>platformVersion=${ANDROID_PLATFORM_VERSION}</arg>
<arg>platformName=${ANDROID_PLATFORM_NAME}</arg>
<arg>appPackage=${APP_PACKAGE}</arg>
<arg>appActivity=${ANDROID_ACTIVITY}</arg>
<doc>Opens a new application to given Appium server.
Capabilities of appium server, Android and iOS,
Please check https://github.com/appium/appium/blob/master/docs/en/writing-running-appium/server-args.md
| *Option*            | *Man.* | *Description*     |
| remote_url          | Yes    | Appium server url |
| alias               | no     | alias             |
| strict_ssl          | No     | allows you to send commands to an invalid certificate host like a self-signed one. |</doc>
<status status="PASS" starttime="20240526 18:27:16.807" endtime="20240526 18:27:28.290"/>
</kw>
<status status="PASS" starttime="20240526 18:27:16.806" endtime="20240526 18:27:28.290"/>
</kw>
<kw name="Adicionando 25+25 - Soma" library="calculatorPage">
<kw name="Click Element" library="AppiumLibrary">
<arg>${BOTAO_2}</arg>
<doc>Click element identified by `locator`.</doc>
<msg timestamp="20240526 18:27:28.295" level="INFO">Clicking element 'id=com.google.android.calculator:id/digit_2'.</msg>
<msg timestamp="20240526 18:27:30.304" level="INFO">criteria is com.google.android.calculator:id/digit_2</msg>
<status status="PASS" starttime="20240526 18:27:28.291" endtime="20240526 18:27:30.304"/>
</kw>
<kw name="Click Element" library="AppiumLibrary">
<arg>${BOTAO_5}</arg>
<doc>Click element identified by `locator`.</doc>
<msg timestamp="20240526 18:27:30.307" level="INFO">Clicking element 'id=com.google.android.calculator:id/digit_5'.</msg>
<msg timestamp="20240526 18:27:31.123" level="INFO">criteria is com.google.android.calculator:id/digit_5</msg>
<status status="PASS" starttime="20240526 18:27:30.305" endtime="20240526 18:27:31.124"/>
</kw>
<kw name="Click Element" library="AppiumLibrary">
<arg>${BOTAO_ADICIONA}</arg>
<doc>Click element identified by `locator`.</doc>
<msg timestamp="20240526 18:27:31.127" level="INFO">Clicking element 'id=com.google.android.calculator:id/op_add'.</msg>
<msg timestamp="20240526 18:27:31.891" level="INFO">criteria is com.google.android.calculator:id/op_add</msg>
<status status="PASS" starttime="20240526 18:27:31.124" endtime="20240526 18:27:31.892"/>
</kw>
<kw name="Click Element" library="AppiumLibrary">
<arg>${BOTAO_2}</arg>
<doc>Click element identified by `locator`.</doc>
<msg timestamp="20240526 18:27:31.895" level="INFO">Clicking element 'id=com.google.android.calculator:id/digit_2'.</msg>
<msg timestamp="20240526 18:27:32.712" level="INFO">criteria is com.google.android.calculator:id/digit_2</msg>
<status status="PASS" starttime="20240526 18:27:31.892" endtime="20240526 18:27:32.713"/>
</kw>
<kw name="Click Element" library="AppiumLibrary">
<arg>${BOTAO_5}</arg>
<doc>Click element identified by `locator`.</doc>
<msg timestamp="20240526 18:27:32.715" level="INFO">Clicking element 'id=com.google.android.calculator:id/digit_5'.</msg>
<msg timestamp="20240526 18:27:33.544" level="INFO">criteria is com.google.android.calculator:id/digit_5</msg>
<status status="PASS" starttime="20240526 18:27:32.713" endtime="20240526 18:27:33.545"/>
</kw>
<kw name="Click Element" library="AppiumLibrary">
<arg>${BOTAO_IGUAL}</arg>
<doc>Click element identified by `locator`.</doc>
<msg timestamp="20240526 18:27:33.547" level="INFO">Clicking element 'id=com.google.android.calculator:id/eq'.</msg>
<msg timestamp="20240526 18:27:34.708" level="INFO">criteria is com.google.android.calculator:id/eq</msg>
<status status="PASS" starttime="20240526 18:27:33.545" endtime="20240526 18:27:34.709"/>
</kw>
<kw name="Wait Until Element Is Visible" library="AppiumLibrary">
<arg>${CAMPO_RESULTADO}</arg>
<doc>Waits until element specified with `locator` is visible.</doc>
<msg timestamp="20240526 18:27:34.919" level="INFO">criteria is com.google.android.calculator:id/result_final</msg>
<status status="PASS" starttime="20240526 18:27:34.709" endtime="20240526 18:27:34.919"/>
</kw>
<status status="PASS" starttime="20240526 18:27:28.291" endtime="20240526 18:27:34.920"/>
</kw>
<kw name="Aguarda o elemento carregar e verifica o texto" library="calculatorPage">
<arg>${CAMPO_RESULTADO}</arg>
<arg>50</arg>
<kw name="Wait Until Element Is Visible" library="AppiumLibrary">
<arg>${elemento}</arg>
<doc>Waits until element specified with `locator` is visible.</doc>
<msg timestamp="20240526 18:27:35.127" level="INFO">criteria is com.google.android.calculator:id/result_final</msg>
<status status="PASS" starttime="20240526 18:27:34.921" endtime="20240526 18:27:35.127"/>
</kw>
<kw name="Element Should Contain Text" library="AppiumLibrary">
<arg>${elemento}</arg>
<arg>${texto}</arg>
<doc>Verifies element identified by ``locator`` contains text ``expected``.</doc>
<msg timestamp="20240526 18:27:35.130" level="INFO">Verifying element 'id=com.google.android.calculator:id/result_final' contains text '50'.</msg>
<msg timestamp="20240526 18:27:35.340" level="INFO">criteria is com.google.android.calculator:id/result_final</msg>
<status status="PASS" starttime="20240526 18:27:35.128" endtime="20240526 18:27:35.340"/>
</kw>
<status status="PASS" starttime="20240526 18:27:34.920" endtime="20240526 18:27:35.340"/>
</kw>
<kw name="Teardown" library="config" type="TEARDOWN">
<kw name="Run Keyword If Test Failed" library="BuiltIn">
<arg>Capture Page Screenshot</arg>
<doc>Runs the given keyword with the given arguments, if the test failed.</doc>
<status status="PASS" starttime="20240526 18:27:35.342" endtime="20240526 18:27:35.343"/>
</kw>
<kw name="Close All Applications" library="AppiumLibrary">
<doc>Closes all open applications.</doc>
<status status="PASS" starttime="20240526 18:27:35.344" endtime="20240526 18:27:36.238"/>
</kw>
<status status="PASS" starttime="20240526 18:27:35.341" endtime="20240526 18:27:36.238"/>
</kw>
<status status="PASS" starttime="20240526 18:27:16.805" endtime="20240526 18:27:36.239"/>
</test>
<test id="s1-t2" name="Teste Keyword Arguments" line="21">
<kw name="Abrir App" library="config" type="SETUP">
<kw name="Open Application" library="AppiumLibrary">
<arg>http://127.0.0.1:4723</arg>
<arg>automationName=${ANDROID_AUTOMATION_NAME}</arg>
<arg>platformVersion=${ANDROID_PLATFORM_VERSION}</arg>
<arg>platformName=${ANDROID_PLATFORM_NAME}</arg>
<arg>appPackage=${APP_PACKAGE}</arg>
<arg>appActivity=${ANDROID_ACTIVITY}</arg>
<doc>Opens a new application to given Appium server.
Capabilities of appium server, Android and iOS,
Please check https://github.com/appium/appium/blob/master/docs/en/writing-running-appium/server-args.md
| *Option*            | *Man.* | *Description*     |
| remote_url          | Yes    | Appium server url |
| alias               | no     | alias             |
| strict_ssl          | No     | allows you to send commands to an invalid certificate host like a self-signed one. |</doc>
<status status="PASS" starttime="20240526 18:27:36.243" endtime="20240526 18:27:46.113"/>
</kw>
<status status="PASS" starttime="20240526 18:27:36.242" endtime="20240526 18:27:46.113"/>
</kw>
<kw name="Adiciona um valor de 0 a 9" library="calculatorPage">
<arg>${BOTAO_9}</arg>
<kw name="Click Element" library="AppiumLibrary">
<arg>${elemento}</arg>
<doc>Click element identified by `locator`.</doc>
<msg timestamp="20240526 18:27:46.117" level="INFO">Clicking element 'id=com.google.android.calculator:id/digit_9'.</msg>
<msg timestamp="20240526 18:27:48.033" level="INFO">criteria is com.google.android.calculator:id/digit_9</msg>
<status status="PASS" starttime="20240526 18:27:46.115" endtime="20240526 18:27:48.034"/>
</kw>
<status status="PASS" starttime="20240526 18:27:46.114" endtime="20240526 18:27:48.034"/>
</kw>
<kw name="Escolha o tipo de operação" library="calculatorPage">
<arg>${BOTAO_ADICIONA}</arg>
<kw name="Click Element" library="AppiumLibrary">
<arg>${elemento}</arg>
<doc>Click element identified by `locator`.</doc>
<msg timestamp="20240526 18:27:48.042" level="INFO">Clicking element 'id=com.google.android.calculator:id/op_add'.</msg>
<msg timestamp="20240526 18:27:48.872" level="INFO">criteria is com.google.android.calculator:id/op_add</msg>
<status status="PASS" starttime="20240526 18:27:48.038" endtime="20240526 18:27:48.872"/>
</kw>
<status status="PASS" starttime="20240526 18:27:48.036" endtime="20240526 18:27:48.874"/>
</kw>
<kw name="Adiciona outro valor de 0 a 9" library="calculatorPage">
<arg>${BOTAO_9}</arg>
<kw name="Click Element" library="AppiumLibrary">
<arg>${elemento}</arg>
<doc>Click element identified by `locator`.</doc>
<msg timestamp="20240526 18:27:48.878" level="INFO">Clicking element 'id=com.google.android.calculator:id/digit_9'.</msg>
<msg timestamp="20240526 18:27:49.222" level="INFO">criteria is com.google.android.calculator:id/digit_9</msg>
<status status="PASS" starttime="20240526 18:27:48.875" endtime="20240526 18:27:49.223"/>
</kw>
<kw name="Click Element" library="AppiumLibrary">
<arg>${BOTAO_IGUAL}</arg>
<doc>Click element identified by `locator`.</doc>
<msg timestamp="20240526 18:27:49.227" level="INFO">Clicking element 'id=com.google.android.calculator:id/eq'.</msg>
<msg timestamp="20240526 18:27:50.109" level="INFO">criteria is com.google.android.calculator:id/eq</msg>
<status status="PASS" starttime="20240526 18:27:49.224" endtime="20240526 18:27:50.110"/>
</kw>
<status status="PASS" starttime="20240526 18:27:48.874" endtime="20240526 18:27:50.110"/>
</kw>
<kw name="Aguarda o elemento carregar e verifica o texto" library="calculatorPage">
<arg>${CAMPO_RESULTADO}</arg>
<arg>18</arg>
<kw name="Wait Until Element Is Visible" library="AppiumLibrary">
<arg>${elemento}</arg>
<doc>Waits until element specified with `locator` is visible.</doc>
<msg timestamp="20240526 18:27:51.095" level="INFO">criteria is com.google.android.calculator:id/result_final</msg>
<status status="PASS" starttime="20240526 18:27:50.112" endtime="20240526 18:27:51.095"/>
</kw>
<kw name="Element Should Contain Text" library="AppiumLibrary">
<arg>${elemento}</arg>
<arg>${texto}</arg>
<doc>Verifies element identified by ``locator`` contains text ``expected``.</doc>
<msg timestamp="20240526 18:27:51.099" level="INFO">Verifying element 'id=com.google.android.calculator:id/result_final' contains text '18'.</msg>
<msg timestamp="20240526 18:27:51.280" level="INFO">criteria is com.google.android.calculator:id/result_final</msg>
<status status="PASS" starttime="20240526 18:27:51.095" endtime="20240526 18:27:51.280"/>
</kw>
<status status="PASS" starttime="20240526 18:27:50.111" endtime="20240526 18:27:51.280"/>
</kw>
<kw name="Teardown" library="config" type="TEARDOWN">
<kw name="Run Keyword If Test Failed" library="BuiltIn">
<arg>Capture Page Screenshot</arg>
<doc>Runs the given keyword with the given arguments, if the test failed.</doc>
<status status="PASS" starttime="20240526 18:27:51.282" endtime="20240526 18:27:51.283"/>
</kw>
<kw name="Close All Applications" library="AppiumLibrary">
<doc>Closes all open applications.</doc>
<status status="PASS" starttime="20240526 18:27:51.283" endtime="20240526 18:27:52.002"/>
</kw>
<status status="PASS" starttime="20240526 18:27:51.281" endtime="20240526 18:27:52.003"/>
</kw>
<status status="PASS" starttime="20240526 18:27:36.241" endtime="20240526 18:27:52.004"/>
</test>
<test id="s1-t3" name="Teste de Subtração" line="27">
<kw name="Abrir App" library="config" type="SETUP">
<kw name="Open Application" library="AppiumLibrary">
<arg>http://127.0.0.1:4723</arg>
<arg>automationName=${ANDROID_AUTOMATION_NAME}</arg>
<arg>platformVersion=${ANDROID_PLATFORM_VERSION}</arg>
<arg>platformName=${ANDROID_PLATFORM_NAME}</arg>
<arg>appPackage=${APP_PACKAGE}</arg>
<arg>appActivity=${ANDROID_ACTIVITY}</arg>
<doc>Opens a new application to given Appium server.
Capabilities of appium server, Android and iOS,
Please check https://github.com/appium/appium/blob/master/docs/en/writing-running-appium/server-args.md
| *Option*            | *Man.* | *Description*     |
| remote_url          | Yes    | Appium server url |
| alias               | no     | alias             |
| strict_ssl          | No     | allows you to send commands to an invalid certificate host like a self-signed one. |</doc>
<status status="PASS" starttime="20240526 18:27:52.009" endtime="20240526 18:28:01.766"/>
</kw>
<status status="PASS" starttime="20240526 18:27:52.008" endtime="20240526 18:28:01.766"/>
</kw>
<kw name="Testando qual o valor de 500 - 57" library="calculatorPage">
<kw name="Click Element" library="AppiumLibrary">
<arg>${BOTAO_5}</arg>
<doc>Click element identified by `locator`.</doc>
<msg timestamp="20240526 18:28:01.770" level="INFO">Clicking element 'id=com.google.android.calculator:id/digit_5'.</msg>
<msg timestamp="20240526 18:28:03.699" level="INFO">criteria is com.google.android.calculator:id/digit_5</msg>
<status status="PASS" starttime="20240526 18:28:01.768" endtime="20240526 18:28:03.699"/>
</kw>
<kw name="Click Element" library="AppiumLibrary">
<arg>${BOTAO_0}</arg>
<doc>Click element identified by `locator`.</doc>
<msg timestamp="20240526 18:28:03.702" level="INFO">Clicking element 'id=com.google.android.calculator:id/digit_0'.</msg>
<msg timestamp="20240526 18:28:04.439" level="INFO">criteria is com.google.android.calculator:id/digit_0</msg>
<status status="PASS" starttime="20240526 18:28:03.699" endtime="20240526 18:28:04.439"/>
</kw>
<kw name="Click Element" library="AppiumLibrary">
<arg>${BOTAO_0}</arg>
<doc>Click element identified by `locator`.</doc>
<msg timestamp="20240526 18:28:04.442" level="INFO">Clicking element 'id=com.google.android.calculator:id/digit_0'.</msg>
<msg timestamp="20240526 18:28:05.277" level="INFO">criteria is com.google.android.calculator:id/digit_0</msg>
<status status="PASS" starttime="20240526 18:28:04.440" endtime="20240526 18:28:05.277"/>
</kw>
<kw name="Click Element" library="AppiumLibrary">
<arg>${BOTAO_SUBTRAI}</arg>
<doc>Click element identified by `locator`.</doc>
<msg timestamp="20240526 18:28:05.280" level="INFO">Clicking element 'id=com.google.android.calculator:id/op_sub'.</msg>
<msg timestamp="20240526 18:28:06.095" level="INFO">criteria is com.google.android.calculator:id/op_sub</msg>
<status status="PASS" starttime="20240526 18:28:05.278" endtime="20240526 18:28:06.096"/>
</kw>
<kw name="Click Element" library="AppiumLibrary">
<arg>${BOTAO_5}</arg>
<doc>Click element identified by `locator`.</doc>
<msg timestamp="20240526 18:28:06.099" level="INFO">Clicking element 'id=com.google.android.calculator:id/digit_5'.</msg>
<msg timestamp="20240526 18:28:06.943" level="INFO">criteria is com.google.android.calculator:id/digit_5</msg>
<status status="PASS" starttime="20240526 18:28:06.096" endtime="20240526 18:28:06.944"/>
</kw>
<kw name="Click Element" library="AppiumLibrary">
<arg>${BOTAO_7}</arg>
<doc>Click element identified by `locator`.</doc>
<msg timestamp="20240526 18:28:06.948" level="INFO">Clicking element 'id=com.google.android.calculator:id/digit_7'.</msg>
<msg timestamp="20240526 18:28:07.797" level="INFO">criteria is com.google.android.calculator:id/digit_7</msg>
<status status="PASS" starttime="20240526 18:28:06.945" endtime="20240526 18:28:07.797"/>
</kw>
<kw name="Click Element" library="AppiumLibrary">
<arg>${BOTAO_IGUAL}</arg>
<doc>Click element identified by `locator`.</doc>
<msg timestamp="20240526 18:28:07.802" level="INFO">Clicking element 'id=com.google.android.calculator:id/eq'.</msg>
<msg timestamp="20240526 18:28:08.154" level="INFO">criteria is com.google.android.calculator:id/eq</msg>
<status status="PASS" starttime="20240526 18:28:07.798" endtime="20240526 18:28:08.155"/>
</kw>
<kw name="Wait Until Element Is Visible" library="AppiumLibrary">
<arg>${CAMPO_RESULTADO}</arg>
<doc>Waits until element specified with `locator` is visible.</doc>
<msg timestamp="20240526 18:28:09.182" level="INFO">criteria is com.google.android.calculator:id/result_final</msg>
<status status="PASS" starttime="20240526 18:28:08.155" endtime="20240526 18:28:09.183"/>
</kw>
<status status="PASS" starttime="20240526 18:28:01.767" endtime="20240526 18:28:09.183"/>
</kw>
<kw name="Aguarda o elemento carregar e verifica o texto" library="calculatorPage">
<arg>${CAMPO_RESULTADO}</arg>
<arg>443</arg>
<kw name="Wait Until Element Is Visible" library="AppiumLibrary">
<arg>${elemento}</arg>
<doc>Waits until element specified with `locator` is visible.</doc>
<msg timestamp="20240526 18:28:09.427" level="INFO">criteria is com.google.android.calculator:id/result_final</msg>
<status status="PASS" starttime="20240526 18:28:09.185" endtime="20240526 18:28:09.427"/>
</kw>
<kw name="Element Should Contain Text" library="AppiumLibrary">
<arg>${elemento}</arg>
<arg>${texto}</arg>
<doc>Verifies element identified by ``locator`` contains text ``expected``.</doc>
<msg timestamp="20240526 18:28:09.430" level="INFO">Verifying element 'id=com.google.android.calculator:id/result_final' contains text '443'.</msg>
<msg timestamp="20240526 18:28:09.659" level="INFO">criteria is com.google.android.calculator:id/result_final</msg>
<status status="PASS" starttime="20240526 18:28:09.427" endtime="20240526 18:28:09.659"/>
</kw>
<status status="PASS" starttime="20240526 18:28:09.184" endtime="20240526 18:28:09.659"/>
</kw>
<kw name="Teardown" library="config" type="TEARDOWN">
<kw name="Run Keyword If Test Failed" library="BuiltIn">
<arg>Capture Page Screenshot</arg>
<doc>Runs the given keyword with the given arguments, if the test failed.</doc>
<status status="PASS" starttime="20240526 18:28:09.661" endtime="20240526 18:28:09.661"/>
</kw>
<kw name="Close All Applications" library="AppiumLibrary">
<doc>Closes all open applications.</doc>
<status status="PASS" starttime="20240526 18:28:09.662" endtime="20240526 18:28:10.444"/>
</kw>
<status status="PASS" starttime="20240526 18:28:09.660" endtime="20240526 18:28:10.444"/>
</kw>
<status status="PASS" starttime="20240526 18:27:52.007" endtime="20240526 18:28:10.445"/>
</test>
<test id="s1-t4" name="Teste de Divisão" line="31">
<kw name="Abrir App" library="config" type="SETUP">
<kw name="Open Application" library="AppiumLibrary">
<arg>http://127.0.0.1:4723</arg>
<arg>automationName=${ANDROID_AUTOMATION_NAME}</arg>
<arg>platformVersion=${ANDROID_PLATFORM_VERSION}</arg>
<arg>platformName=${ANDROID_PLATFORM_NAME}</arg>
<arg>appPackage=${APP_PACKAGE}</arg>
<arg>appActivity=${ANDROID_ACTIVITY}</arg>
<doc>Opens a new application to given Appium server.
Capabilities of appium server, Android and iOS,
Please check https://github.com/appium/appium/blob/master/docs/en/writing-running-appium/server-args.md
| *Option*            | *Man.* | *Description*     |
| remote_url          | Yes    | Appium server url |
| alias               | no     | alias             |
| strict_ssl          | No     | allows you to send commands to an invalid certificate host like a self-signed one. |</doc>
<status status="PASS" starttime="20240526 18:28:10.448" endtime="20240526 18:28:20.218"/>
</kw>
<status status="PASS" starttime="20240526 18:28:10.448" endtime="20240526 18:28:20.218"/>
</kw>
<kw name="Click Element" library="AppiumLibrary">
<arg>com.google.android.calculator:id/digit_5</arg>
<doc>Click element identified by `locator`.</doc>
<msg timestamp="20240526 18:28:20.222" level="INFO">Clicking element 'com.google.android.calculator:id/digit_5'.</msg>
<msg timestamp="20240526 18:28:21.993" level="INFO">criteria is com.google.android.calculator:id/digit_5</msg>
<status status="PASS" starttime="20240526 18:28:20.219" endtime="20240526 18:28:21.993"/>
</kw>
<kw name="Click Element" library="AppiumLibrary">
<arg>com.google.android.calculator:id/digit_0</arg>
<doc>Click element identified by `locator`.</doc>
<msg timestamp="20240526 18:28:21.997" level="INFO">Clicking element 'com.google.android.calculator:id/digit_0'.</msg>
<msg timestamp="20240526 18:28:22.718" level="INFO">criteria is com.google.android.calculator:id/digit_0</msg>
<status status="PASS" starttime="20240526 18:28:21.994" endtime="20240526 18:28:22.718"/>
</kw>
<kw name="Click Element" library="AppiumLibrary">
<arg>com.google.android.calculator:id/digit_0</arg>
<doc>Click element identified by `locator`.</doc>
<msg timestamp="20240526 18:28:22.723" level="INFO">Clicking element 'com.google.android.calculator:id/digit_0'.</msg>
<msg timestamp="20240526 18:28:23.521" level="INFO">criteria is com.google.android.calculator:id/digit_0</msg>
<status status="PASS" starttime="20240526 18:28:22.719" endtime="20240526 18:28:23.522"/>
</kw>
<kw name="Click Element" library="AppiumLibrary">
<arg>com.google.android.calculator:id/op_div</arg>
<doc>Click element identified by `locator`.</doc>
<msg timestamp="20240526 18:28:23.527" level="INFO">Clicking element 'com.google.android.calculator:id/op_div'.</msg>
<msg timestamp="20240526 18:28:24.355" level="INFO">criteria is com.google.android.calculator:id/op_div</msg>
<status status="PASS" starttime="20240526 18:28:23.523" endtime="20240526 18:28:24.356"/>
</kw>
<kw name="Click Element" library="AppiumLibrary">
<arg>com.google.android.calculator:id/digit_5</arg>
<doc>Click element identified by `locator`.</doc>
<msg timestamp="20240526 18:28:24.360" level="INFO">Clicking element 'com.google.android.calculator:id/digit_5'.</msg>
<msg timestamp="20240526 18:28:25.683" level="INFO">criteria is com.google.android.calculator:id/digit_5</msg>
<status status="PASS" starttime="20240526 18:28:24.356" endtime="20240526 18:28:25.683"/>
</kw>
<kw name="Click Element" library="AppiumLibrary">
<arg>com.google.android.calculator:id/eq</arg>
<doc>Click element identified by `locator`.</doc>
<msg timestamp="20240526 18:28:25.689" level="INFO">Clicking element 'com.google.android.calculator:id/eq'.</msg>
<msg timestamp="20240526 18:28:26.829" level="INFO">criteria is com.google.android.calculator:id/eq</msg>
<status status="PASS" starttime="20240526 18:28:25.684" endtime="20240526 18:28:26.829"/>
</kw>
<kw name="Wait Until Element Is Visible" library="AppiumLibrary">
<arg>com.google.android.calculator:id/result_final</arg>
<doc>Waits until element specified with `locator` is visible.</doc>
<msg timestamp="20240526 18:28:27.059" level="INFO">criteria is com.google.android.calculator:id/result_final</msg>
<status status="PASS" starttime="20240526 18:28:26.830" endtime="20240526 18:28:27.059"/>
</kw>
<kw name="Element Should Contain Text" library="AppiumLibrary">
<arg>com.google.android.calculator:id/result_final</arg>
<arg>100</arg>
<doc>Verifies element identified by ``locator`` contains text ``expected``.</doc>
<msg timestamp="20240526 18:28:27.064" level="INFO">Verifying element 'com.google.android.calculator:id/result_final' contains text '100'.</msg>
<msg timestamp="20240526 18:28:27.282" level="INFO">criteria is com.google.android.calculator:id/result_final</msg>
<status status="PASS" starttime="20240526 18:28:27.060" endtime="20240526 18:28:27.282"/>
</kw>
<kw name="Teardown" library="config" type="TEARDOWN">
<kw name="Run Keyword If Test Failed" library="BuiltIn">
<arg>Capture Page Screenshot</arg>
<doc>Runs the given keyword with the given arguments, if the test failed.</doc>
<status status="PASS" starttime="20240526 18:28:27.284" endtime="20240526 18:28:27.285"/>
</kw>
<kw name="Close All Applications" library="AppiumLibrary">
<doc>Closes all open applications.</doc>
<status status="PASS" starttime="20240526 18:28:27.285" endtime="20240526 18:28:28.061"/>
</kw>
<status status="PASS" starttime="20240526 18:28:27.283" endtime="20240526 18:28:28.062"/>
</kw>
<status status="PASS" starttime="20240526 18:28:10.446" endtime="20240526 18:28:28.062"/>
</test>
<test id="s1-t5" name="Teste de Multiplicação" line="41">
<kw name="Abrir App" library="config" type="SETUP">
<kw name="Open Application" library="AppiumLibrary">
<arg>http://127.0.0.1:4723</arg>
<arg>automationName=${ANDROID_AUTOMATION_NAME}</arg>
<arg>platformVersion=${ANDROID_PLATFORM_VERSION}</arg>
<arg>platformName=${ANDROID_PLATFORM_NAME}</arg>
<arg>appPackage=${APP_PACKAGE}</arg>
<arg>appActivity=${ANDROID_ACTIVITY}</arg>
<doc>Opens a new application to given Appium server.
Capabilities of appium server, Android and iOS,
Please check https://github.com/appium/appium/blob/master/docs/en/writing-running-appium/server-args.md
| *Option*            | *Man.* | *Description*     |
| remote_url          | Yes    | Appium server url |
| alias               | no     | alias             |
| strict_ssl          | No     | allows you to send commands to an invalid certificate host like a self-signed one. |</doc>
<status status="PASS" starttime="20240526 18:28:28.066" endtime="20240526 18:28:37.754"/>
</kw>
<status status="PASS" starttime="20240526 18:28:28.066" endtime="20240526 18:28:37.754"/>
</kw>
<kw name="Testando qual o valor de 500 vezes 5" library="calculatorPage">
<kw name="Click Element" library="AppiumLibrary">
<arg>${BOTAO_5}</arg>
<doc>Click element identified by `locator`.</doc>
<msg timestamp="20240526 18:28:37.759" level="INFO">Clicking element 'id=com.google.android.calculator:id/digit_5'.</msg>
<msg timestamp="20240526 18:28:39.604" level="INFO">criteria is com.google.android.calculator:id/digit_5</msg>
<status status="PASS" starttime="20240526 18:28:37.756" endtime="20240526 18:28:39.604"/>
</kw>
<kw name="Click Element" library="AppiumLibrary">
<arg>${BOTAO_0}</arg>
<doc>Click element identified by `locator`.</doc>
<msg timestamp="20240526 18:28:39.607" level="INFO">Clicking element 'id=com.google.android.calculator:id/digit_0'.</msg>
<msg timestamp="20240526 18:28:40.362" level="INFO">criteria is com.google.android.calculator:id/digit_0</msg>
<status status="PASS" starttime="20240526 18:28:39.604" endtime="20240526 18:28:40.362"/>
</kw>
<kw name="Click Element" library="AppiumLibrary">
<arg>${BOTAO_0}</arg>
<doc>Click element identified by `locator`.</doc>
<msg timestamp="20240526 18:28:40.364" level="INFO">Clicking element 'id=com.google.android.calculator:id/digit_0'.</msg>
<msg timestamp="20240526 18:28:41.201" level="INFO">criteria is com.google.android.calculator:id/digit_0</msg>
<status status="PASS" starttime="20240526 18:28:40.362" endtime="20240526 18:28:41.202"/>
</kw>
<kw name="Click Element" library="AppiumLibrary">
<arg>${BOTAO_MULTIPLICACAO}</arg>
<doc>Click element identified by `locator`.</doc>
<msg timestamp="20240526 18:28:41.204" level="INFO">Clicking element 'id=com.google.android.calculator:id/op_mul'.</msg>
<msg timestamp="20240526 18:28:42.015" level="INFO">criteria is com.google.android.calculator:id/op_mul</msg>
<status status="PASS" starttime="20240526 18:28:41.202" endtime="20240526 18:28:42.016"/>
</kw>
<kw name="Click Element" library="AppiumLibrary">
<arg>${BOTAO_5}</arg>
<doc>Click element identified by `locator`.</doc>
<msg timestamp="20240526 18:28:42.018" level="INFO">Clicking element 'id=com.google.android.calculator:id/digit_5'.</msg>
<msg timestamp="20240526 18:28:42.855" level="INFO">criteria is com.google.android.calculator:id/digit_5</msg>
<status status="PASS" starttime="20240526 18:28:42.016" endtime="20240526 18:28:42.855"/>
</kw>
<kw name="Click Element" library="AppiumLibrary">
<arg>${BOTAO_IGUAL}</arg>
<doc>Click element identified by `locator`.</doc>
<msg timestamp="20240526 18:28:42.859" level="INFO">Clicking element 'id=com.google.android.calculator:id/eq'.</msg>
<msg timestamp="20240526 18:28:43.141" level="INFO">criteria is com.google.android.calculator:id/eq</msg>
<status status="PASS" starttime="20240526 18:28:42.855" endtime="20240526 18:28:43.141"/>
</kw>
<kw name="Wait Until Element Is Visible" library="AppiumLibrary">
<arg>${CAMPO_RESULTADO}</arg>
<doc>Waits until element specified with `locator` is visible.</doc>
<msg timestamp="20240526 18:28:44.048" level="INFO">criteria is com.google.android.calculator:id/result_final</msg>
<status status="PASS" starttime="20240526 18:28:43.142" endtime="20240526 18:28:44.049"/>
</kw>
<status status="PASS" starttime="20240526 18:28:37.755" endtime="20240526 18:28:44.049"/>
</kw>
<kw name="Aguarda o elemento carregar e verifica o texto" library="calculatorPage">
<arg>${CAMPO_RESULTADO}</arg>
<arg>2500</arg>
<kw name="Wait Until Element Is Visible" library="AppiumLibrary">
<arg>${elemento}</arg>
<doc>Waits until element specified with `locator` is visible.</doc>
<msg timestamp="20240526 18:28:44.277" level="INFO">criteria is com.google.android.calculator:id/result_final</msg>
<status status="PASS" starttime="20240526 18:28:44.050" endtime="20240526 18:28:44.277"/>
</kw>
<kw name="Element Should Contain Text" library="AppiumLibrary">
<arg>${elemento}</arg>
<arg>${texto}</arg>
<doc>Verifies element identified by ``locator`` contains text ``expected``.</doc>
<msg timestamp="20240526 18:28:44.279" level="INFO">Verifying element 'id=com.google.android.calculator:id/result_final' contains text '2500'.</msg>
<msg timestamp="20240526 18:28:44.479" level="INFO">criteria is com.google.android.calculator:id/result_final</msg>
<status status="PASS" starttime="20240526 18:28:44.277" endtime="20240526 18:28:44.479"/>
</kw>
<status status="PASS" starttime="20240526 18:28:44.049" endtime="20240526 18:28:44.479"/>
</kw>
<kw name="Teardown" library="config" type="TEARDOWN">
<kw name="Run Keyword If Test Failed" library="BuiltIn">
<arg>Capture Page Screenshot</arg>
<doc>Runs the given keyword with the given arguments, if the test failed.</doc>
<status status="PASS" starttime="20240526 18:28:44.481" endtime="20240526 18:28:44.481"/>
</kw>
<kw name="Close All Applications" library="AppiumLibrary">
<doc>Closes all open applications.</doc>
<status status="PASS" starttime="20240526 18:28:44.481" endtime="20240526 18:28:45.254"/>
</kw>
<status status="PASS" starttime="20240526 18:28:44.480" endtime="20240526 18:28:45.255"/>
</kw>
<status status="PASS" starttime="20240526 18:28:28.064" endtime="20240526 18:28:45.255"/>
</test>
<test id="s1-t6" name="Obter o valor de Pi" line="45">
<kw name="Abrir App" library="config" type="SETUP">
<kw name="Open Application" library="AppiumLibrary">
<arg>http://127.0.0.1:4723</arg>
<arg>automationName=${ANDROID_AUTOMATION_NAME}</arg>
<arg>platformVersion=${ANDROID_PLATFORM_VERSION}</arg>
<arg>platformName=${ANDROID_PLATFORM_NAME}</arg>
<arg>appPackage=${APP_PACKAGE}</arg>
<arg>appActivity=${ANDROID_ACTIVITY}</arg>
<doc>Opens a new application to given Appium server.
Capabilities of appium server, Android and iOS,
Please check https://github.com/appium/appium/blob/master/docs/en/writing-running-appium/server-args.md
| *Option*            | *Man.* | *Description*     |
| remote_url          | Yes    | Appium server url |
| alias               | no     | alias             |
| strict_ssl          | No     | allows you to send commands to an invalid certificate host like a self-signed one. |</doc>
<status status="PASS" starttime="20240526 18:28:45.259" endtime="20240526 18:28:55.447"/>
</kw>
<status status="PASS" starttime="20240526 18:28:45.258" endtime="20240526 18:28:55.447"/>
</kw>
<kw name="Testando qual o valor de Pi" library="calculatorPage">
<kw name="Click Element" library="AppiumLibrary">
<arg>${BOTAO_PI}</arg>
<doc>Click element identified by `locator`.</doc>
<msg timestamp="20240526 18:28:55.455" level="INFO">Clicking element 'id=com.google.android.calculator:id/const_pi'.</msg>
<msg timestamp="20240526 18:28:57.232" level="INFO">criteria is com.google.android.calculator:id/const_pi</msg>
<status status="PASS" starttime="20240526 18:28:55.449" endtime="20240526 18:28:57.232"/>
</kw>
<kw name="Click Element" library="AppiumLibrary">
<arg>${BOTAO_IGUAL}</arg>
<doc>Click element identified by `locator`.</doc>
<msg timestamp="20240526 18:28:57.236" level="INFO">Clicking element 'id=com.google.android.calculator:id/eq'.</msg>
<msg timestamp="20240526 18:28:58.278" level="INFO">criteria is com.google.android.calculator:id/eq</msg>
<status status="PASS" starttime="20240526 18:28:57.232" endtime="20240526 18:28:58.278"/>
</kw>
<kw name="Wait Until Element Is Visible" library="AppiumLibrary">
<arg>${CAMPO_RESULTADO}</arg>
<doc>Waits until element specified with `locator` is visible.</doc>
<msg timestamp="20240526 18:28:58.542" level="INFO">criteria is com.google.android.calculator:id/result_final</msg>
<status status="PASS" starttime="20240526 18:28:58.279" endtime="20240526 18:28:58.543"/>
</kw>
<status status="PASS" starttime="20240526 18:28:55.448" endtime="20240526 18:28:58.543"/>
</kw>
<kw name="Aguarda o elemento carregar e verifica o texto" library="calculatorPage">
<arg>${CAMPO_RESULTADO}</arg>
<arg>3,14159265</arg>
<kw name="Wait Until Element Is Visible" library="AppiumLibrary">
<arg>${elemento}</arg>
<doc>Waits until element specified with `locator` is visible.</doc>
<msg timestamp="20240526 18:28:58.767" level="INFO">criteria is com.google.android.calculator:id/result_final</msg>
<status status="PASS" starttime="20240526 18:28:58.545" endtime="20240526 18:28:58.768"/>
</kw>
<kw name="Element Should Contain Text" library="AppiumLibrary">
<arg>${elemento}</arg>
<arg>${texto}</arg>
<doc>Verifies element identified by ``locator`` contains text ``expected``.</doc>
<msg timestamp="20240526 18:28:58.770" level="INFO">Verifying element 'id=com.google.android.calculator:id/result_final' contains text '3,14159265'.</msg>
<msg timestamp="20240526 18:28:58.979" level="INFO">criteria is com.google.android.calculator:id/result_final</msg>
<status status="PASS" starttime="20240526 18:28:58.768" endtime="20240526 18:28:58.979"/>
</kw>
<status status="PASS" starttime="20240526 18:28:58.544" endtime="20240526 18:28:58.979"/>
</kw>
<kw name="Teardown" library="config" type="TEARDOWN">
<kw name="Run Keyword If Test Failed" library="BuiltIn">
<arg>Capture Page Screenshot</arg>
<doc>Runs the given keyword with the given arguments, if the test failed.</doc>
<status status="PASS" starttime="20240526 18:28:58.981" endtime="20240526 18:28:58.982"/>
</kw>
<kw name="Close All Applications" library="AppiumLibrary">
<doc>Closes all open applications.</doc>
<status status="PASS" starttime="20240526 18:28:58.983" endtime="20240526 18:28:59.706"/>
</kw>
<status status="PASS" starttime="20240526 18:28:58.980" endtime="20240526 18:28:59.707"/>
</kw>
<status status="PASS" starttime="20240526 18:28:45.257" endtime="20240526 18:28:59.707"/>
</test>
<test id="s1-t7" name="Raiz Quadrada de 81" line="49">
<kw name="Abrir App" library="config" type="SETUP">
<kw name="Open Application" library="AppiumLibrary">
<arg>http://127.0.0.1:4723</arg>
<arg>automationName=${ANDROID_AUTOMATION_NAME}</arg>
<arg>platformVersion=${ANDROID_PLATFORM_VERSION}</arg>
<arg>platformName=${ANDROID_PLATFORM_NAME}</arg>
<arg>appPackage=${APP_PACKAGE}</arg>
<arg>appActivity=${ANDROID_ACTIVITY}</arg>
<doc>Opens a new application to given Appium server.
Capabilities of appium server, Android and iOS,
Please check https://github.com/appium/appium/blob/master/docs/en/writing-running-appium/server-args.md
| *Option*            | *Man.* | *Description*     |
| remote_url          | Yes    | Appium server url |
| alias               | no     | alias             |
| strict_ssl          | No     | allows you to send commands to an invalid certificate host like a self-signed one. |</doc>
<status status="PASS" starttime="20240526 18:28:59.712" endtime="20240526 18:29:09.859"/>
</kw>
<status status="PASS" starttime="20240526 18:28:59.712" endtime="20240526 18:29:09.859"/>
</kw>
<kw name="Testando a raiz quadrada de 81" library="calculatorPage">
<kw name="Click Element" library="AppiumLibrary">
<arg>${BOTAO_RAIZ_QUADRADA}</arg>
<doc>Click element identified by `locator`.</doc>
<msg timestamp="20240526 18:29:09.865" level="INFO">Clicking element 'id=com.google.android.calculator:id/op_sqrt'.</msg>
<msg timestamp="20240526 18:29:11.788" level="INFO">criteria is com.google.android.calculator:id/op_sqrt</msg>
<status status="PASS" starttime="20240526 18:29:09.861" endtime="20240526 18:29:11.788"/>
</kw>
<kw name="Click Element" library="AppiumLibrary">
<arg>${BOTAO_8}</arg>
<doc>Click element identified by `locator`.</doc>
<msg timestamp="20240526 18:29:11.792" level="INFO">Clicking element 'id=com.google.android.calculator:id/digit_8'.</msg>
<msg timestamp="20240526 18:29:12.592" level="INFO">criteria is com.google.android.calculator:id/digit_8</msg>
<status status="PASS" starttime="20240526 18:29:11.789" endtime="20240526 18:29:12.592"/>
</kw>
<kw name="Click Element" library="AppiumLibrary">
<arg>${BOTAO_1}</arg>
<doc>Click element identified by `locator`.</doc>
<msg timestamp="20240526 18:29:12.594" level="INFO">Clicking element 'id=com.google.android.calculator:id/digit_1'.</msg>
<msg timestamp="20240526 18:29:13.349" level="INFO">criteria is com.google.android.calculator:id/digit_1</msg>
<status status="PASS" starttime="20240526 18:29:12.592" endtime="20240526 18:29:13.349"/>
</kw>
<kw name="Click Element" library="AppiumLibrary">
<arg>${BOTAO_IGUAL}</arg>
<doc>Click element identified by `locator`.</doc>
<msg timestamp="20240526 18:29:13.351" level="INFO">Clicking element 'id=com.google.android.calculator:id/eq'.</msg>
<msg timestamp="20240526 18:29:14.452" level="INFO">criteria is com.google.android.calculator:id/eq</msg>
<status status="PASS" starttime="20240526 18:29:13.349" endtime="20240526 18:29:14.452"/>
</kw>
<kw name="Wait Until Element Is Visible" library="AppiumLibrary">
<arg>${CAMPO_RESULTADO}</arg>
<doc>Waits until element specified with `locator` is visible.</doc>
<msg timestamp="20240526 18:29:14.683" level="INFO">criteria is com.google.android.calculator:id/result_final</msg>
<status status="PASS" starttime="20240526 18:29:14.452" endtime="20240526 18:29:14.684"/>
</kw>
<status status="PASS" starttime="20240526 18:29:09.860" endtime="20240526 18:29:14.684"/>
</kw>
<kw name="Aguarda o elemento carregar e verifica o texto" library="calculatorPage">
<arg>${CAMPO_RESULTADO}</arg>
<arg>9</arg>
<kw name="Wait Until Element Is Visible" library="AppiumLibrary">
<arg>${elemento}</arg>
<doc>Waits until element specified with `locator` is visible.</doc>
<msg timestamp="20240526 18:29:14.866" level="INFO">criteria is com.google.android.calculator:id/result_final</msg>
<status status="PASS" starttime="20240526 18:29:14.686" endtime="20240526 18:29:14.866"/>
</kw>
<kw name="Element Should Contain Text" library="AppiumLibrary">
<arg>${elemento}</arg>
<arg>${texto}</arg>
<doc>Verifies element identified by ``locator`` contains text ``expected``.</doc>
<msg timestamp="20240526 18:29:14.868" level="INFO">Verifying element 'id=com.google.android.calculator:id/result_final' contains text '9'.</msg>
<msg timestamp="20240526 18:29:15.074" level="INFO">criteria is com.google.android.calculator:id/result_final</msg>
<status status="PASS" starttime="20240526 18:29:14.866" endtime="20240526 18:29:15.074"/>
</kw>
<status status="PASS" starttime="20240526 18:29:14.685" endtime="20240526 18:29:15.074"/>
</kw>
<kw name="Teardown" library="config" type="TEARDOWN">
<kw name="Run Keyword If Test Failed" library="BuiltIn">
<arg>Capture Page Screenshot</arg>
<doc>Runs the given keyword with the given arguments, if the test failed.</doc>
<status status="PASS" starttime="20240526 18:29:15.076" endtime="20240526 18:29:15.076"/>
</kw>
<kw name="Close All Applications" library="AppiumLibrary">
<doc>Closes all open applications.</doc>
<status status="PASS" starttime="20240526 18:29:15.077" endtime="20240526 18:29:15.917"/>
</kw>
<status status="PASS" starttime="20240526 18:29:15.075" endtime="20240526 18:29:15.917"/>
</kw>
<status status="PASS" starttime="20240526 18:28:59.711" endtime="20240526 18:29:15.917"/>
</test>
<test id="s1-t8" name="Obter o valor de 10% de 149" line="53">
<kw name="Abrir App" library="config" type="SETUP">
<kw name="Open Application" library="AppiumLibrary">
<arg>http://127.0.0.1:4723</arg>
<arg>automationName=${ANDROID_AUTOMATION_NAME}</arg>
<arg>platformVersion=${ANDROID_PLATFORM_VERSION}</arg>
<arg>platformName=${ANDROID_PLATFORM_NAME}</arg>
<arg>appPackage=${APP_PACKAGE}</arg>
<arg>appActivity=${ANDROID_ACTIVITY}</arg>
<doc>Opens a new application to given Appium server.
Capabilities of appium server, Android and iOS,
Please check https://github.com/appium/appium/blob/master/docs/en/writing-running-appium/server-args.md
| *Option*            | *Man.* | *Description*     |
| remote_url          | Yes    | Appium server url |
| alias               | no     | alias             |
| strict_ssl          | No     | allows you to send commands to an invalid certificate host like a self-signed one. |</doc>
<status status="PASS" starttime="20240526 18:29:15.922" endtime="20240526 18:29:25.667"/>
</kw>
<status status="PASS" starttime="20240526 18:29:15.921" endtime="20240526 18:29:25.667"/>
</kw>
<kw name="Testando qual o valor de 10% de 149" library="calculatorPage">
<kw name="Click Element" library="AppiumLibrary">
<arg>${BOTAO_1}</arg>
<doc>Click element identified by `locator`.</doc>
<msg timestamp="20240526 18:29:25.673" level="INFO">Clicking element 'id=com.google.android.calculator:id/digit_1'.</msg>
<msg timestamp="20240526 18:29:27.680" level="INFO">criteria is com.google.android.calculator:id/digit_1</msg>
<status status="PASS" starttime="20240526 18:29:25.670" endtime="20240526 18:29:27.680"/>
</kw>
<kw name="Click Element" library="AppiumLibrary">
<arg>${BOTAO_4}</arg>
<doc>Click element identified by `locator`.</doc>
<msg timestamp="20240526 18:29:27.682" level="INFO">Clicking element 'id=com.google.android.calculator:id/digit_4'.</msg>
<msg timestamp="20240526 18:29:28.504" level="INFO">criteria is com.google.android.calculator:id/digit_4</msg>
<status status="PASS" starttime="20240526 18:29:27.680" endtime="20240526 18:29:28.504"/>
</kw>
<kw name="Click Element" library="AppiumLibrary">
<arg>${BOTAO_9}</arg>
<doc>Click element identified by `locator`.</doc>
<msg timestamp="20240526 18:29:28.507" level="INFO">Clicking element 'id=com.google.android.calculator:id/digit_9'.</msg>
<msg timestamp="20240526 18:29:29.271" level="INFO">criteria is com.google.android.calculator:id/digit_9</msg>
<status status="PASS" starttime="20240526 18:29:28.505" endtime="20240526 18:29:29.271"/>
</kw>
<kw name="Click Element" library="AppiumLibrary">
<arg>${BOTAO_SUBTRAI}</arg>
<doc>Click element identified by `locator`.</doc>
<msg timestamp="20240526 18:29:29.275" level="INFO">Clicking element 'id=com.google.android.calculator:id/op_sub'.</msg>
<msg timestamp="20240526 18:29:30.075" level="INFO">criteria is com.google.android.calculator:id/op_sub</msg>
<status status="PASS" starttime="20240526 18:29:29.273" endtime="20240526 18:29:30.076"/>
</kw>
<kw name="Click Element" library="AppiumLibrary">
<arg>${BOTAO_1}</arg>
<doc>Click element identified by `locator`.</doc>
<msg timestamp="20240526 18:29:30.078" level="INFO">Clicking element 'id=com.google.android.calculator:id/digit_1'.</msg>
<msg timestamp="20240526 18:29:30.914" level="INFO">criteria is com.google.android.calculator:id/digit_1</msg>
<status status="PASS" starttime="20240526 18:29:30.076" endtime="20240526 18:29:30.914"/>
</kw>
<kw name="Click Element" library="AppiumLibrary">
<arg>${BOTAO_0}</arg>
<doc>Click element identified by `locator`.</doc>
<msg timestamp="20240526 18:29:30.917" level="INFO">Clicking element 'id=com.google.android.calculator:id/digit_0'.</msg>
<msg timestamp="20240526 18:29:31.709" level="INFO">criteria is com.google.android.calculator:id/digit_0</msg>
<status status="PASS" starttime="20240526 18:29:30.915" endtime="20240526 18:29:31.709"/>
</kw>
<kw name="Click Element" library="AppiumLibrary">
<arg>${BOTAO_PORCENTAGEM}</arg>
<doc>Click element identified by `locator`.</doc>
<msg timestamp="20240526 18:29:31.713" level="INFO">Clicking element 'id=com.google.android.calculator:id/op_pct'.</msg>
<msg timestamp="20240526 18:29:32.856" level="INFO">criteria is com.google.android.calculator:id/op_pct</msg>
<status status="PASS" starttime="20240526 18:29:31.709" endtime="20240526 18:29:32.857"/>
</kw>
<kw name="Click Element" library="AppiumLibrary">
<arg>${BOTAO_IGUAL}</arg>
<doc>Click element identified by `locator`.</doc>
<msg timestamp="20240526 18:29:32.859" level="INFO">Clicking element 'id=com.google.android.calculator:id/eq'.</msg>
<msg timestamp="20240526 18:29:33.232" level="INFO">criteria is com.google.android.calculator:id/eq</msg>
<status status="PASS" starttime="20240526 18:29:32.857" endtime="20240526 18:29:33.232"/>
</kw>
<kw name="Wait Until Element Is Visible" library="AppiumLibrary">
<arg>${CAMPO_RESULTADO}</arg>
<doc>Waits until element specified with `locator` is visible.</doc>
<msg timestamp="20240526 18:29:34.650" level="INFO">criteria is com.google.android.calculator:id/result_final</msg>
<status status="PASS" starttime="20240526 18:29:33.232" endtime="20240526 18:29:34.650"/>
</kw>
<status status="PASS" starttime="20240526 18:29:25.668" endtime="20240526 18:29:34.650"/>
</kw>
<kw name="Aguarda o elemento carregar e verifica o texto" library="calculatorPage">
<arg>${CAMPO_RESULTADO}</arg>
<arg>134,1</arg>
<kw name="Wait Until Element Is Visible" library="AppiumLibrary">
<arg>${elemento}</arg>
<doc>Waits until element specified with `locator` is visible.</doc>
<msg timestamp="20240526 18:29:34.900" level="INFO">criteria is com.google.android.calculator:id/result_final</msg>
<status status="PASS" starttime="20240526 18:29:34.652" endtime="20240526 18:29:34.900"/>
</kw>
<kw name="Element Should Contain Text" library="AppiumLibrary">
<arg>${elemento}</arg>
<arg>${texto}</arg>
<doc>Verifies element identified by ``locator`` contains text ``expected``.</doc>
<msg timestamp="20240526 18:29:34.903" level="INFO">Verifying element 'id=com.google.android.calculator:id/result_final' contains text '134,1'.</msg>
<msg timestamp="20240526 18:29:35.135" level="INFO">criteria is com.google.android.calculator:id/result_final</msg>
<status status="PASS" starttime="20240526 18:29:34.900" endtime="20240526 18:29:35.135"/>
</kw>
<status status="PASS" starttime="20240526 18:29:34.651" endtime="20240526 18:29:35.136"/>
</kw>
<kw name="Teardown" library="config" type="TEARDOWN">
<kw name="Run Keyword If Test Failed" library="BuiltIn">
<arg>Capture Page Screenshot</arg>
<doc>Runs the given keyword with the given arguments, if the test failed.</doc>
<status status="PASS" starttime="20240526 18:29:35.137" endtime="20240526 18:29:35.137"/>
</kw>
<kw name="Close All Applications" library="AppiumLibrary">
<doc>Closes all open applications.</doc>
<status status="PASS" starttime="20240526 18:29:35.138" endtime="20240526 18:29:35.942"/>
</kw>
<status status="PASS" starttime="20240526 18:29:35.136" endtime="20240526 18:29:35.942"/>
</kw>
<status status="PASS" starttime="20240526 18:29:15.919" endtime="20240526 18:29:35.943"/>
</test>
<status status="PASS" starttime="20240526 18:27:16.495" endtime="20240526 18:29:35.945"/>
</suite>
<statistics>
<total>
<stat pass="8" fail="0" skip="0">All Tests</stat>
</total>
<tag>
</tag>
<suite>
<stat pass="8" fail="0" skip="0" id="s1" name="calculatorTeste">calculatorTeste</stat>
</suite>
</statistics>
<errors>
</errors>
</robot>
